<?xml version="1.0" encoding="UTF-8"?>
<testsuite errors="0" failures="0" hostname="priti-Latitude-E6510" name="com.thoughtworks.twu.domain.UserMapperIntegrationTest" tests="1" time="2.232" timestamp="2012-10-26T08:41:11">
  <properties />
  <testcase classname="com.thoughtworks.twu.domain.UserMapperIntegrationTest" name="shouldChooseUserByUserName" time="2.136" />
  <system-out><![CDATA[14:11:12.157 [Test worker] DEBUG org.apache.ibatis.logging.LogFactory - Logging initialized using 'org.apache.ibatis.logging.slf4j.Slf4jImpl' adapter.
14:11:12.370 [Test worker] DEBUG o.m.spring.SqlSessionFactoryBean - Property 'configLocation' not specified, using default MyBatis Configuration
14:11:12.418 [Test worker] DEBUG org.apache.ibatis.io.ResolverUtil - Class not found: org.jboss.vfs.VFS
14:11:12.419 [Test worker] DEBUG org.apache.ibatis.io.ResolverUtil - JBoss 6 VFS API is not available in this environment.
14:11:12.425 [Test worker] DEBUG org.apache.ibatis.io.ResolverUtil - Class not found: org.jboss.vfs.VirtualFile
14:11:12.427 [Test worker] DEBUG org.apache.ibatis.io.ResolverUtil - VFS implementation org.apache.ibatis.io.JBoss6VFS is not valid in this environment.
14:11:12.428 [Test worker] DEBUG org.apache.ibatis.io.ResolverUtil - Using VFS adapter org.apache.ibatis.io.DefaultVFS
14:11:12.429 [Test worker] DEBUG org.apache.ibatis.io.ResolverUtil - Find JAR URL: file:/home/priti/TWU_29_IOU/build/classes/test/com/thoughtworks/twu/domain
14:11:12.430 [Test worker] DEBUG org.apache.ibatis.io.ResolverUtil - Not a JAR: file:/home/priti/TWU_29_IOU/build/classes/test/com/thoughtworks/twu/domain
14:11:12.544 [Test worker] DEBUG org.apache.ibatis.io.ResolverUtil - Reader entry: IntegrationTest.class
14:11:12.545 [Test worker] DEBUG org.apache.ibatis.io.ResolverUtil - Reader entry: UserMapperIntegrationTest.class
14:11:12.547 [Test worker] DEBUG org.apache.ibatis.io.ResolverUtil - Listing file:/home/priti/TWU_29_IOU/build/classes/test/com/thoughtworks/twu/domain
14:11:12.548 [Test worker] DEBUG org.apache.ibatis.io.ResolverUtil - Find JAR URL: file:/home/priti/TWU_29_IOU/build/classes/test/com/thoughtworks/twu/domain/IntegrationTest.class
14:11:12.548 [Test worker] DEBUG org.apache.ibatis.io.ResolverUtil - Not a JAR: file:/home/priti/TWU_29_IOU/build/classes/test/com/thoughtworks/twu/domain/IntegrationTest.class
14:11:12.548 [Test worker] DEBUG org.apache.ibatis.io.ResolverUtil - Reader entry: ����2
14:11:12.549 [Test worker] DEBUG org.apache.ibatis.io.ResolverUtil - Find JAR URL: file:/home/priti/TWU_29_IOU/build/classes/test/com/thoughtworks/twu/domain/UserMapperIntegrationTest.class
14:11:12.550 [Test worker] DEBUG org.apache.ibatis.io.ResolverUtil - Not a JAR: file:/home/priti/TWU_29_IOU/build/classes/test/com/thoughtworks/twu/domain/UserMapperIntegrationTest.class
14:11:12.550 [Test worker] DEBUG org.apache.ibatis.io.ResolverUtil - Reader entry: ����2B
14:11:12.551 [Test worker] DEBUG org.apache.ibatis.io.ResolverUtil - Find JAR URL: file:/home/priti/TWU_29_IOU/build/classes/main/com/thoughtworks/twu/domain
14:11:12.551 [Test worker] DEBUG org.apache.ibatis.io.ResolverUtil - Not a JAR: file:/home/priti/TWU_29_IOU/build/classes/main/com/thoughtworks/twu/domain
14:11:12.551 [Test worker] DEBUG org.apache.ibatis.io.ResolverUtil - Reader entry: User.class
14:11:12.552 [Test worker] DEBUG org.apache.ibatis.io.ResolverUtil - Listing file:/home/priti/TWU_29_IOU/build/classes/main/com/thoughtworks/twu/domain
14:11:12.552 [Test worker] DEBUG org.apache.ibatis.io.ResolverUtil - Find JAR URL: file:/home/priti/TWU_29_IOU/build/classes/main/com/thoughtworks/twu/domain/User.class
14:11:12.552 [Test worker] DEBUG org.apache.ibatis.io.ResolverUtil - Not a JAR: file:/home/priti/TWU_29_IOU/build/classes/main/com/thoughtworks/twu/domain/User.class
14:11:12.552 [Test worker] DEBUG org.apache.ibatis.io.ResolverUtil - Reader entry: ����2
14:11:12.553 [Test worker] DEBUG org.apache.ibatis.io.ResolverUtil - Checking to see if class com.thoughtworks.twu.domain.IntegrationTest matches criteria [is assignable to Object]
14:11:12.553 [Test worker] DEBUG org.apache.ibatis.io.ResolverUtil - Checking to see if class com.thoughtworks.twu.domain.UserMapperIntegrationTest matches criteria [is assignable to Object]
14:11:12.553 [Test worker] DEBUG org.apache.ibatis.io.ResolverUtil - Checking to see if class com.thoughtworks.twu.domain.User matches criteria [is assignable to Object]
14:11:12.554 [Test worker] DEBUG o.m.spring.SqlSessionFactoryBean - Scanned package: 'com.thoughtworks.twu.domain' for aliases
14:11:12.576 [Test worker] DEBUG o.m.spring.SqlSessionFactoryBean - Property 'mapperLocations' was not specified or no matching resources found
14:11:13.310 [Test worker] DEBUG org.mybatis.spring.SqlSessionUtils - Creating a new SqlSession
14:11:13.315 [Test worker] DEBUG org.mybatis.spring.SqlSessionUtils - Registering transaction synchronization for SqlSession [org.apache.ibatis.session.defaults.DefaultSqlSession@4b5386c2]
14:11:13.348 [Test worker] DEBUG o.m.s.t.SpringManagedTransaction - JDBC Connection [org.hsqldb.jdbc.jdbcConnection@1b332109] will be managed by Spring
14:11:13.349 [Test worker] DEBUG c.t.t.p.UserMapper.insertUser - ooo Using Connection [org.hsqldb.jdbc.jdbcConnection@1b332109]
14:11:13.354 [Test worker] DEBUG c.t.t.p.UserMapper.insertUser - ==>  Preparing: INSERT INTO user (id, name) VALUES(?, ?) 
14:11:13.379 [Test worker] DEBUG c.t.t.p.UserMapper.insertUser - ==> Parameters: 111(Integer), Bill(String)
14:11:13.380 [Test worker] DEBUG org.mybatis.spring.SqlSessionUtils - Releasing transactional SqlSession [org.apache.ibatis.session.defaults.DefaultSqlSession@4b5386c2]
14:11:13.380 [Test worker] DEBUG org.mybatis.spring.SqlSessionUtils - Fetched SqlSession [org.apache.ibatis.session.defaults.DefaultSqlSession@4b5386c2] from current transaction
14:11:13.384 [Test worker] DEBUG c.t.t.persistence.UserMapper.getUser - ooo Using Connection [org.hsqldb.jdbc.jdbcConnection@1b332109]
14:11:13.386 [Test worker] DEBUG c.t.t.persistence.UserMapper.getUser - ==>  Preparing: SELECT id,name FROM user where name = ? 
14:11:13.391 [Test worker] DEBUG c.t.t.persistence.UserMapper.getUser - ==> Parameters: Bill(String)
14:11:13.417 [Test worker] DEBUG org.mybatis.spring.SqlSessionUtils - Releasing transactional SqlSession [org.apache.ibatis.session.defaults.DefaultSqlSession@4b5386c2]
14:11:13.420 [Test worker] DEBUG org.mybatis.spring.SqlSessionUtils - Transaction synchronization rolling back SqlSession [org.apache.ibatis.session.defaults.DefaultSqlSession@4b5386c2]
14:11:13.425 [Test worker] DEBUG org.mybatis.spring.SqlSessionUtils - Transaction synchronization closing SqlSession [org.apache.ibatis.session.defaults.DefaultSqlSession@4b5386c2]
]]></system-out>
  <system-err><![CDATA[26 Oct, 2012 2:11:11 PM org.springframework.beans.factory.xml.XmlBeanDefinitionReader loadBeanDefinitions
INFO: Loading XML bean definitions from class path resource [applicationContext.xml]
26 Oct, 2012 2:11:11 PM org.springframework.context.support.AbstractApplicationContext prepareRefresh
INFO: Refreshing org.springframework.context.support.GenericApplicationContext@9d686c1: startup date [Fri Oct 26 14:11:11 IST 2012]; root of context hierarchy
26 Oct, 2012 2:11:12 PM org.springframework.beans.factory.support.DefaultListableBeanFactory preInstantiateSingletons
INFO: Pre-instantiating singletons in org.springframework.beans.factory.support.DefaultListableBeanFactory@5e0eb724: defining beans [org.springframework.context.annotation.internalConfigurationAnnotationProcessor,org.springframework.context.annotation.internalAutowiredAnnotationProcessor,org.springframework.context.annotation.internalRequiredAnnotationProcessor,org.springframework.context.annotation.internalCommonAnnotationProcessor,org.springframework.web.servlet.mvc.method.annotation.RequestMappingHandlerMapping#0,org.springframework.format.support.FormattingConversionServiceFactoryBean#0,org.springframework.web.servlet.mvc.method.annotation.RequestMappingHandlerAdapter#0,org.springframework.web.servlet.handler.MappedInterceptor#0,org.springframework.web.servlet.mvc.method.annotation.ExceptionHandlerExceptionResolver#0,org.springframework.web.servlet.mvc.annotation.ResponseStatusExceptionResolver#0,org.springframework.web.servlet.mvc.support.DefaultHandlerExceptionResolver#0,org.springframework.web.servlet.handler.BeanNameUrlHandlerMapping,org.springframework.web.servlet.mvc.HttpRequestHandlerAdapter,org.springframework.web.servlet.mvc.SimpleControllerHandlerAdapter,userService,homeController,dataSource,transactionManager,org.springframework.aop.config.internalAutoProxyCreator,org.springframework.transaction.annotation.AnnotationTransactionAttributeSource#0,org.springframework.transaction.interceptor.TransactionInterceptor#0,org.springframework.transaction.config.internalTransactionAdvisor,sqlSessionFactory,org.mybatis.spring.mapper.MapperScannerConfigurer#0,org.springframework.context.annotation.ConfigurationClassPostProcessor$ImportAwareBeanPostProcessor#0,userMapper]; root of factory hierarchy
26 Oct, 2012 2:11:12 PM org.springframework.jdbc.datasource.embedded.EmbeddedDatabaseFactory initDatabase
INFO: Creating embedded database 'dataSource'
26 Oct, 2012 2:11:12 PM org.springframework.jdbc.datasource.init.ResourceDatabasePopulator executeSqlScript
INFO: Executing SQL script from class path resource [twu_database/schema.sql]
26 Oct, 2012 2:11:12 PM org.springframework.jdbc.datasource.init.ResourceDatabasePopulator executeSqlScript
INFO: Done executing SQL script from class path resource [twu_database/schema.sql] in 9 ms.
26 Oct, 2012 2:11:12 PM org.springframework.jdbc.datasource.init.ResourceDatabasePopulator executeSqlScript
INFO: Executing SQL script from class path resource [twu_database/import.sql]
26 Oct, 2012 2:11:12 PM org.springframework.jdbc.datasource.init.ResourceDatabasePopulator executeSqlScript
INFO: Done executing SQL script from class path resource [twu_database/import.sql] in 12 ms.
26 Oct, 2012 2:11:12 PM org.springframework.web.servlet.handler.AbstractHandlerMethodMapping registerHandlerMethod
INFO: Mapped "{[],methods=[GET],params=[],headers=[],consumes=[],produces=[],custom=[]}" onto public org.springframework.web.servlet.ModelAndView com.thoughtworks.twu.controller.HomeController.homepage(java.lang.String)
26 Oct, 2012 2:11:13 PM org.springframework.test.context.transaction.TransactionalTestExecutionListener startNewTransaction
INFO: Began transaction (1): transaction manager [org.springframework.jdbc.datasource.DataSourceTransactionManager@15e0a283]; rollback [true]
26 Oct, 2012 2:11:13 PM org.springframework.test.context.transaction.TransactionalTestExecutionListener endTransaction
INFO: Rolled back transaction after test execution for test context [[TestContext@6883fde6 testClass = UserMapperIntegrationTest, testInstance = com.thoughtworks.twu.domain.UserMapperIntegrationTest@31923ca5, testMethod = shouldChooseUserByUserName@UserMapperIntegrationTest, testException = [null], mergedContextConfiguration = [MergedContextConfiguration@77cb8e0f testClass = UserMapperIntegrationTest, locations = '{classpath:applicationContext.xml}', classes = '{}', activeProfiles = '{}', contextLoader = 'org.springframework.test.context.support.DelegatingSmartContextLoader']]]
]]></system-err>
</testsuite>
