<?xml version="1.0" encoding="UTF-8"?>
<testsuite errors="0" failures="0" hostname="priti-Latitude-E6510" name="com.thoughtworks.twu.controller.HomeControllerTest" tests="2" time="0.186" timestamp="2012-10-26T08:41:10">
  <properties />
  <testcase classname="com.thoughtworks.twu.controller.HomeControllerTest" name="shouldAddUsernameAndUserObjectToPageModelWhereUserExists" time="0.116" />
  <testcase classname="com.thoughtworks.twu.controller.HomeControllerTest" name="shouldOnlyAddUsernameToPageModelWhereUserNotFound" time="0.001" />
  <system-out><![CDATA[]]></system-out>
  <system-err><![CDATA[]]></system-err>
</testsuite>
